<?xml version="1.0" encoding="UTF-8"?>
<!-- Generated by org.testng.reporters.JUnitXMLReporter -->
<testsuite ignored="0" hostname="TEO-kamal" failures="0" tests="5" name="Regression" time="17.584" errors="0" timestamp="2022-04-24T01:52:19 PKT">
  <testcase classname="com.pom_testcases.pom_homepageTest" name="Home" time="0.018"/>
  <testcase classname="com.pom_testcases.pom_loginpageTest" name="signin" time="8.082"/>
  <testcase classname="com.pom_testcases.pom_loginpageTest" name="url_verificaiton" time="0.015"/>
  <testcase classname="com.pom_testcases.pom_loginpageTest" name="admin_tab_verificaiton" time="0.01"/>
  <testcase classname="com.pom_testcases.pom_adminPageTest" name="Home" time="0.035"/>
</testsuite> <!-- Regression -->
