<?xml version="1.0" encoding="UTF-8"?>
<testng-results ignored="0" total="11" passed="10" failed="1" skipped="0">
  <reporter-output>
  </reporter-output>
  <suite started-at="2022-04-24T02:52:52 PKT" name="ORANGE-HRM" finished-at="2022-04-24T02:53:13 PKT" duration-ms="21080">
    <groups>
    </groups>
    <test started-at="2022-04-24T02:52:52 PKT" name="Regression" finished-at="2022-04-24T02:53:13 PKT" duration-ms="21080">
      <class name="com.pom_testcases.pom_adminPageTest">
        <test-method is-config="true" signature="setup()[pri:0, instance:com.pom_testcases.pom_adminPageTest@1189dd52]" started-at="2022-04-24T02:53:09 PKT" name="setup" finished-at="2022-04-24T02:53:09 PKT" duration-ms="1" status="PASS">
          <reporter-output>
          </reporter-output>
        </test-method> <!-- setup -->
        <test-method signature="Home()[pri:5, instance:com.pom_testcases.pom_adminPageTest@1189dd52]" started-at="2022-04-24T02:53:09 PKT" name="Home" finished-at="2022-04-24T02:53:09 PKT" duration-ms="35" status="PASS">
          <reporter-output>
          </reporter-output>
        </test-method> <!-- Home -->
        <test-method signature="welcome()[pri:6, instance:com.pom_testcases.pom_adminPageTest@1189dd52]" started-at="2022-04-24T02:53:09 PKT" name="welcome" finished-at="2022-04-24T02:53:09 PKT" duration-ms="29" status="PASS">
          <reporter-output>
          </reporter-output>
        </test-method> <!-- welcome -->
      </class> <!-- com.pom_testcases.pom_adminPageTest -->
      <class name="com.pom_testcases.pom_homepageTest">
        <test-method is-config="true" signature="setup()[pri:0, instance:com.pom_testcases.pom_homepageTest@595b007d]" started-at="2022-04-24T02:52:52 PKT" name="setup" finished-at="2022-04-24T02:53:01 PKT" duration-ms="8774" status="PASS">
          <reporter-output>
          </reporter-output>
        </test-method> <!-- setup -->
        <test-method signature="Home()[pri:1, instance:com.pom_testcases.pom_homepageTest@595b007d]" started-at="2022-04-24T02:53:01 PKT" name="Home" finished-at="2022-04-24T02:53:01 PKT" duration-ms="19" status="PASS">
          <reporter-output>
          </reporter-output>
        </test-method> <!-- Home -->
      </class> <!-- com.pom_testcases.pom_homepageTest -->
      <class name="com.pom_testcases.pom_adminPanelpageTest">
        <test-method is-config="true" signature="setup()[pri:0, instance:com.pom_testcases.pom_adminPanelpageTest@36bc55de]" started-at="2022-04-24T02:53:09 PKT" name="setup" finished-at="2022-04-24T02:53:09 PKT" duration-ms="1" status="PASS">
          <reporter-output>
          </reporter-output>
        </test-method> <!-- setup -->
        <test-method signature="adm()[pri:0, instance:com.pom_testcases.pom_adminPanelpageTest@36bc55de]" started-at="2022-04-24T02:53:09 PKT" name="adm" finished-at="2022-04-24T02:53:13 PKT" duration-ms="3983" status="PASS">
          <reporter-output>
          </reporter-output>
        </test-method> <!-- adm -->
        <test-method signature="sea_bt()[pri:7, instance:com.pom_testcases.pom_adminPanelpageTest@36bc55de]" started-at="2022-04-24T02:53:13 PKT" name="sea_bt" finished-at="2022-04-24T02:53:13 PKT" duration-ms="39" status="PASS">
          <reporter-output>
          </reporter-output>
        </test-method> <!-- sea_bt -->
        <test-method signature="res_bt()[pri:8, instance:com.pom_testcases.pom_adminPanelpageTest@36bc55de]" started-at="2022-04-24T02:53:13 PKT" name="res_bt" finished-at="2022-04-24T02:53:13 PKT" duration-ms="24" status="PASS">
          <reporter-output>
          </reporter-output>
        </test-method> <!-- res_bt -->
        <test-method signature="ad_bt()[pri:9, instance:com.pom_testcases.pom_adminPanelpageTest@36bc55de]" started-at="2022-04-24T02:53:13 PKT" name="ad_bt" finished-at="2022-04-24T02:53:13 PKT" duration-ms="26" status="PASS">
          <reporter-output>
          </reporter-output>
        </test-method> <!-- ad_bt -->
        <test-method signature="dlt_bt()[pri:10, instance:com.pom_testcases.pom_adminPanelpageTest@36bc55de]" started-at="2022-04-24T02:53:13 PKT" name="dlt_bt" finished-at="2022-04-24T02:53:13 PKT" duration-ms="25" status="FAIL">
          <exception class="org.openqa.selenium.InvalidSelectorException">
            <message>
              <![CDATA[invalid selector: Unable to locate an element with the xpath expression //input[@id='btnDelete']'] because of the following error:
SyntaxError: Failed to execute 'evaluate' on 'Document': The string '//input[@id='btnDelete']']' is not a valid XPath expression.
  (Session info: chrome=100.0.4896.127)
For documentation on this error, please visit: https://selenium.dev/exceptions/#invalid_selector_exception
Build info: version: '4.0.0-rc-1', revision: 'bc5511cbda'
System info: host: 'TEO-KAMAL', ip: '192.168.0.110', os.name: 'Windows 10', os.arch: 'amd64', os.version: '10.0', java.version: '12.0.2'
Driver info: org.openqa.selenium.chrome.ChromeDriver
Command: [f9f25f018d1f8630eb93c267bab0e07f, findElement {using=xpath, value=//input[@id='btnDelete']']}]
Capabilities {acceptInsecureCerts: true, browserName: chrome, browserVersion: 100.0.4896.127, chrome: {chromedriverVersion: 100.0.4896.60 (6a5d10861ce8..., userDataDir: C:\Users\ANWAR~1.KAM\AppDat...}, goog:chromeOptions: {debuggerAddress: localhost:5601}, javascriptEnabled: true, networkConnectionEnabled: false, pageLoadStrategy: normal, platform: WINDOWS, platformName: WINDOWS, proxy: Proxy(), se:cdp: ws://localhost:5601/devtool..., se:cdpVersion: 100.0.4896.127, setWindowRect: true, strictFileInteractability: false, timeouts: {implicit: 0, pageLoad: 300000, script: 30000}, unhandledPromptBehavior: dismiss and notify, webauthn:extension:credBlob: true, webauthn:extension:largeBlob: true, webauthn:virtualAuthenticators: true}
Session ID: f9f25f018d1f8630eb93c267bab0e07f]]>
            </message>
            <full-stacktrace>
              <![CDATA[org.openqa.selenium.InvalidSelectorException: invalid selector: Unable to locate an element with the xpath expression //input[@id='btnDelete']'] because of the following error:
SyntaxError: Failed to execute 'evaluate' on 'Document': The string '//input[@id='btnDelete']']' is not a valid XPath expression.
  (Session info: chrome=100.0.4896.127)
For documentation on this error, please visit: https://selenium.dev/exceptions/#invalid_selector_exception
Build info: version: '4.0.0-rc-1', revision: 'bc5511cbda'
System info: host: 'TEO-KAMAL', ip: '192.168.0.110', os.name: 'Windows 10', os.arch: 'amd64', os.version: '10.0', java.version: '12.0.2'
Driver info: org.openqa.selenium.chrome.ChromeDriver
Command: [f9f25f018d1f8630eb93c267bab0e07f, findElement {using=xpath, value=//input[@id='btnDelete']']}]
Capabilities {acceptInsecureCerts: true, browserName: chrome, browserVersion: 100.0.4896.127, chrome: {chromedriverVersion: 100.0.4896.60 (6a5d10861ce8..., userDataDir: C:\Users\ANWAR~1.KAM\AppDat...}, goog:chromeOptions: {debuggerAddress: localhost:5601}, javascriptEnabled: true, networkConnectionEnabled: false, pageLoadStrategy: normal, platform: WINDOWS, platformName: WINDOWS, proxy: Proxy(), se:cdp: ws://localhost:5601/devtool..., se:cdpVersion: 100.0.4896.127, setWindowRect: true, strictFileInteractability: false, timeouts: {implicit: 0, pageLoad: 300000, script: 30000}, unhandledPromptBehavior: dismiss and notify, webauthn:extension:credBlob: true, webauthn:extension:largeBlob: true, webauthn:virtualAuthenticators: true}
Session ID: f9f25f018d1f8630eb93c267bab0e07f
at java.base/jdk.internal.reflect.NativeConstructorAccessorImpl.newInstance0(Native Method)
at java.base/jdk.internal.reflect.NativeConstructorAccessorImpl.newInstance(NativeConstructorAccessorImpl.java:62)
at java.base/jdk.internal.reflect.DelegatingConstructorAccessorImpl.newInstance(DelegatingConstructorAccessorImpl.java:45)
at java.base/java.lang.reflect.Constructor.newInstanceWithCaller(Constructor.java:500)
at java.base/java.lang.reflect.Constructor.newInstance(Constructor.java:481)
at org.openqa.selenium.remote.codec.w3c.W3CHttpResponseCodec.createException(W3CHttpResponseCodec.java:200)
at org.openqa.selenium.remote.codec.w3c.W3CHttpResponseCodec.decode(W3CHttpResponseCodec.java:133)
at org.openqa.selenium.remote.codec.w3c.W3CHttpResponseCodec.decode(W3CHttpResponseCodec.java:53)
at org.openqa.selenium.remote.HttpCommandExecutor.execute(HttpCommandExecutor.java:184)
at org.openqa.selenium.remote.service.DriverCommandExecutor.invokeExecute(DriverCommandExecutor.java:164)
at org.openqa.selenium.remote.service.DriverCommandExecutor.execute(DriverCommandExecutor.java:139)
at org.openqa.selenium.remote.RemoteWebDriver.execute(RemoteWebDriver.java:547)
at org.openqa.selenium.remote.ElementLocation$ElementFinder$2.findElement(ElementLocation.java:162)
at org.openqa.selenium.remote.ElementLocation.findElement(ElementLocation.java:60)
at org.openqa.selenium.remote.RemoteWebDriver.findElement(RemoteWebDriver.java:381)
at org.openqa.selenium.remote.RemoteWebDriver.findElement(RemoteWebDriver.java:373)
at org.openqa.selenium.support.pagefactory.DefaultElementLocator.findElement(DefaultElementLocator.java:70)
at org.openqa.selenium.support.pagefactory.internal.LocatingElementHandler.invoke(LocatingElementHandler.java:39)
at com.sun.proxy.$Proxy16.isDisplayed(Unknown Source)
at com.pom.pages.admin_panelPage.del_but(admin_panelPage.java:46)
at com.pom_testcases.pom_adminPanelpageTest.dlt_bt(pom_adminPanelpageTest.java:59)
at java.base/jdk.internal.reflect.NativeMethodAccessorImpl.invoke0(Native Method)
at java.base/jdk.internal.reflect.NativeMethodAccessorImpl.invoke(NativeMethodAccessorImpl.java:62)
at java.base/jdk.internal.reflect.DelegatingMethodAccessorImpl.invoke(DelegatingMethodAccessorImpl.java:43)
at java.base/java.lang.reflect.Method.invoke(Method.java:567)
at org.testng.internal.invokers.MethodInvocationHelper.invokeMethod(MethodInvocationHelper.java:135)
at org.testng.internal.invokers.TestInvoker.invokeMethod(TestInvoker.java:673)
at org.testng.internal.invokers.TestInvoker.invokeTestMethod(TestInvoker.java:220)
at org.testng.internal.invokers.MethodRunner.runInSequence(MethodRunner.java:50)
at org.testng.internal.invokers.TestInvoker$MethodInvocationAgent.invoke(TestInvoker.java:945)
at org.testng.internal.invokers.TestInvoker.invokeTestMethods(TestInvoker.java:193)
at org.testng.internal.invokers.TestMethodWorker.invokeTestMethods(TestMethodWorker.java:146)
at org.testng.internal.invokers.TestMethodWorker.run(TestMethodWorker.java:128)
at java.base/java.util.ArrayList.forEach(ArrayList.java:1540)
at org.testng.TestRunner.privateRun(TestRunner.java:808)
at org.testng.TestRunner.run(TestRunner.java:603)
at org.testng.SuiteRunner.runTest(SuiteRunner.java:429)
at org.testng.SuiteRunner.runSequentially(SuiteRunner.java:423)
at org.testng.SuiteRunner.privateRun(SuiteRunner.java:383)
at org.testng.SuiteRunner.run(SuiteRunner.java:326)
at org.testng.SuiteRunnerWorker.runSuite(SuiteRunnerWorker.java:52)
at org.testng.SuiteRunnerWorker.run(SuiteRunnerWorker.java:95)
at org.testng.TestNG.runSuitesSequentially(TestNG.java:1249)
at org.testng.TestNG.runSuitesLocally(TestNG.java:1169)
at org.testng.TestNG.runSuites(TestNG.java:1092)
at org.testng.TestNG.run(TestNG.java:1060)
at org.testng.remote.AbstractRemoteTestNG.run(AbstractRemoteTestNG.java:115)
at org.testng.remote.RemoteTestNG.initAndRun(RemoteTestNG.java:251)
at org.testng.remote.RemoteTestNG.main(RemoteTestNG.java:77)
]]>
            </full-stacktrace>
          </exception> <!-- org.openqa.selenium.InvalidSelectorException -->
          <reporter-output>
          </reporter-output>
        </test-method> <!-- dlt_bt -->
      </class> <!-- com.pom_testcases.pom_adminPanelpageTest -->
      <class name="com.pom_testcases.pom_loginpageTest">
        <test-method is-config="true" signature="setup()[pri:0, instance:com.pom_testcases.pom_loginpageTest@7e07db1f]" started-at="2022-04-24T02:53:01 PKT" name="setup" finished-at="2022-04-24T02:53:01 PKT" duration-ms="2" status="PASS">
          <reporter-output>
          </reporter-output>
        </test-method> <!-- setup -->
        <test-method signature="signin()[pri:2, instance:com.pom_testcases.pom_loginpageTest@7e07db1f]" started-at="2022-04-24T02:53:01 PKT" name="signin" finished-at="2022-04-24T02:53:09 PKT" duration-ms="8048" status="PASS">
          <reporter-output>
          </reporter-output>
        </test-method> <!-- signin -->
        <test-method signature="url_verificaiton()[pri:2, instance:com.pom_testcases.pom_loginpageTest@7e07db1f]" started-at="2022-04-24T02:53:09 PKT" name="url_verificaiton" finished-at="2022-04-24T02:53:09 PKT" duration-ms="15" status="PASS">
          <reporter-output>
          </reporter-output>
        </test-method> <!-- url_verificaiton -->
        <test-method signature="admin_tab_verificaiton()[pri:3, instance:com.pom_testcases.pom_loginpageTest@7e07db1f]" started-at="2022-04-24T02:53:09 PKT" name="admin_tab_verificaiton" finished-at="2022-04-24T02:53:09 PKT" duration-ms="10" status="PASS">
          <reporter-output>
          </reporter-output>
        </test-method> <!-- admin_tab_verificaiton -->
      </class> <!-- com.pom_testcases.pom_loginpageTest -->
    </test> <!-- Regression -->
  </suite> <!-- ORANGE-HRM -->
</testng-results>
